-------------------------------------------------------------------------------
Test set: check1.Testng
-------------------------------------------------------------------------------
Tests run: 3, Failures: 1, Errors: 0, Skipped: 0, Time elapsed: 29.715 sec <<< FAILURE! - in check1.Testng
login(check1.Testng)  Time elapsed: 0.015 sec  <<< FAILURE!
java.lang.NullPointerException: Cannot invoke "org.openqa.selenium.WebDriver.findElement(org.openqa.selenium.By)" because "this.driver" is null
	at check1.Testng.login(Testng.java:21)

